Time resolution is 1 ps
w1_next: 0XXX, w2_next: 0XxX
w1_next: XXXX, w2_next: XXXX
w1_next: XXXX, w2_next: XxXX
w1_next: XXXX, w2_next: XXXX
w1_next: XXXX, w2_next: XXXX
w1_next: XXXX, w2_next: XXXX
w1_next: XXXX, w2_next: XXXX
w1_next: XXXX, w2_next: XXXX
w1_next: XXXX, w2_next: XXXX
w1_next: XXXX, w2_next: XxXX
w1_next: XXXX, w2_next: XXXX
w1_next: XXXX, w2_next: XXxX
w1_next: XXXX, w2_next: XXXX
w1_next: XXXX, w2_next: XXXX
w1_next: XXXX, w2_next: XXX0
w1_next: Xx0X, w2_next: XXxX
w1_next: XxXX, w2_next: 0XXX
w1_next: XXXX, w2_next: XXXX
w1_next: XXXX, w2_next: XXXX
w1_next: XXXX, w2_next: X0XX
w1_next: XX0X, w2_next: XX0X
w1_next: XXXX, w2_next: XXXX
w1_next: XXXX, w2_next: XXXX
w1_next: XXXX, w2_next: xxX0
w1_next: XXXX, w2_next: XXX0
w1_next: XXXX, w2_next: 0XXX
w1_next: XXXX, w2_next: XXXX
w1_next: XXX0, w2_next: XXXX
w1_next: XxXX, w2_next: X0XX
w1_next: XXXX, w2_next: XXX0
w1_next: XXxX, w2_next: XXXX
w1_next: XXXX, w2_next: 0XXX
w1_next: XxXX, w2_next: XXXX
w1_next: XXXX, w2_next: XXXX
w1_next: XXXX, w2_next: XX0X
w1_next: X0XX, w2_next: XXXX
w1_next: XXXX, w2_next: XX0X
w1_next: XXXX, w2_next: 0XxX
w1_next: xXXX, w2_next: XXXX
w1_next: XXx0, w2_next: XxXX
w1_next: XXXX, w2_next: XXXX
w1_next: XXXX, w2_next: X0XX
w1_next: XXXX, w2_next: XXXX
w1_next: XXXX, w2_next: XX0X
w1_next: X0XX, w2_next: XXxX
w1_next: XXXX, w2_next: XXXX
w1_next: XXXX, w2_next: XXXX
w1_next: XXXX, w2_next: xXXX
w1_next: XXXX, w2_next: XXXX
w1_next: XXXX, w2_next: XXXX
$finish called at time : 510 ns : File "D:/VLSIpro/LMSD/LMSD.srcs/sim_1/new/MEMS_gyroscope_LMSD_tb.v" Line 52
